<?xml version="1.0" encoding="UTF-8"?>
<coverage generated="1628247854506" clover="3.2.0">
  <project timestamp="1628247854507" name="All files">
    <metrics statements="211" coveredstatements="194" conditionals="99" coveredconditionals="81" methods="60" coveredmethods="47" elements="370" coveredelements="322" complexity="0" loc="211" ncloc="211" packages="3" files="16" classes="16"/>
    <package name="constants">
      <metrics statements="8" coveredstatements="8" conditionals="5" coveredconditionals="5" methods="1" coveredmethods="1"/>
      <file name="routes.js" path="/home/kosmos/Documents/P9/CharlyBIHEL_9_15072021/src/constants/routes.js">
        <metrics statements="8" coveredstatements="8" conditionals="5" coveredconditionals="5" methods="1" coveredmethods="1"/>
        <line num="6" count="7" type="stmt"/>
        <line num="13" count="7" type="stmt"/>
        <line num="14" count="23" type="cond" truecount="5" falsecount="0"/>
        <line num="16" count="3" type="stmt"/>
        <line num="18" count="5" type="stmt"/>
        <line num="20" count="6" type="stmt"/>
        <line num="22" count="5" type="stmt"/>
        <line num="24" count="4" type="stmt"/>
      </file>
      <file name="usersTest.js" path="/home/kosmos/Documents/P9/CharlyBIHEL_9_15072021/src/constants/usersTest.js">
        <metrics statements="0" coveredstatements="0" conditionals="0" coveredconditionals="0" methods="0" coveredmethods="0"/>
      </file>
    </package>
    <package name="containers">
      <metrics statements="170" coveredstatements="153" conditionals="66" coveredconditionals="48" methods="44" coveredmethods="31"/>
      <file name="Bills.js" path="/home/kosmos/Documents/P9/CharlyBIHEL_9_15072021/src/containers/Bills.js">
        <metrics statements="16" coveredstatements="16" conditionals="4" coveredconditionals="2" methods="5" coveredmethods="5"/>
        <line num="6" count="5" type="stmt"/>
        <line num="7" count="5" type="stmt"/>
        <line num="8" count="5" type="stmt"/>
        <line num="9" count="5" type="stmt"/>
        <line num="10" count="5" type="cond" truecount="1" falsecount="1"/>
        <line num="11" count="5" type="stmt"/>
        <line num="12" count="5" type="cond" truecount="1" falsecount="1"/>
        <line num="13" count="20" type="stmt"/>
        <line num="15" count="5" type="stmt"/>
        <line num="18" count="5" type="stmt"/>
        <line num="19" count="3" type="stmt"/>
        <line num="22" count="5" type="stmt"/>
        <line num="23" count="9" type="stmt"/>
        <line num="24" count="9" type="stmt"/>
        <line num="25" count="9" type="stmt"/>
        <line num="26" count="9" type="stmt"/>
      </file>
      <file name="Dashboard.js" path="/home/kosmos/Documents/P9/CharlyBIHEL_9_15072021/src/containers/Dashboard.js">
        <metrics statements="78" coveredstatements="70" conditionals="45" coveredconditionals="37" methods="25" coveredmethods="16"/>
        <line num="8" count="7" type="stmt"/>
        <line num="9" count="27" type="cond" truecount="4" falsecount="0"/>
        <line num="15" count="24" type="cond" truecount="1" falsecount="1"/>
        <line num="16" count="24" type="stmt"/>
        <line num="19" count="0" type="stmt"/>
        <line num="20" count="0" type="stmt"/>
        <line num="24" count="24" type="stmt"/>
        <line num="28" count="7" type="stmt"/>
        <line num="29" count="8" type="stmt"/>
        <line num="30" count="8" type="cond" truecount="1" falsecount="1"/>
        <line num="32" count="8" type="cond" truecount="1" falsecount="1"/>
        <line num="35" count="8" type="stmt"/>
        <line num="53" count="7" type="stmt"/>
        <line num="54" count="8" type="cond" truecount="4" falsecount="0"/>
        <line num="57" count="7" type="stmt"/>
        <line num="58" count="3" type="cond" truecount="3" falsecount="0"/>
        <line num="60" count="1" type="stmt"/>
        <line num="62" count="1" type="stmt"/>
        <line num="64" count="1" type="stmt"/>
        <line num="70" count="5" type="stmt"/>
        <line num="71" count="5" type="stmt"/>
        <line num="72" count="5" type="stmt"/>
        <line num="73" count="5" type="stmt"/>
        <line num="74" count="5" type="stmt"/>
        <line num="75" count="5" type="stmt"/>
        <line num="76" count="5" type="stmt"/>
        <line num="77" count="5" type="stmt"/>
        <line num="80" count="5" type="stmt"/>
        <line num="81" count="1" type="stmt"/>
        <line num="82" count="1" type="stmt"/>
        <line num="83" count="1" type="stmt"/>
        <line num="84" count="1" type="cond" truecount="1" falsecount="1"/>
        <line num="88" count="2" type="cond" truecount="4" falsecount="0"/>
        <line num="89" count="2" type="cond" truecount="4" falsecount="0"/>
        <line num="90" count="2" type="cond" truecount="2" falsecount="0"/>
        <line num="91" count="1" type="stmt"/>
        <line num="92" count="4" type="stmt"/>
        <line num="94" count="1" type="stmt"/>
        <line num="95" count="1" type="stmt"/>
        <line num="96" count="1" type="stmt"/>
        <line num="97" count="1" type="stmt"/>
        <line num="99" count="1" type="stmt"/>
        <line num="102" count="1" type="stmt"/>
        <line num="103" count="1" type="stmt"/>
        <line num="104" count="1" type="stmt"/>
        <line num="106" count="2" type="stmt"/>
        <line num="107" count="2" type="stmt"/>
        <line num="108" count="2" type="stmt"/>
        <line num="111" count="5" type="stmt"/>
        <line num="112" count="1" type="stmt"/>
        <line num="117" count="1" type="stmt"/>
        <line num="118" count="1" type="stmt"/>
        <line num="121" count="5" type="stmt"/>
        <line num="122" count="1" type="stmt"/>
        <line num="127" count="1" type="stmt"/>
        <line num="128" count="1" type="stmt"/>
        <line num="132" count="4" type="cond" truecount="4" falsecount="0"/>
        <line num="133" count="4" type="cond" truecount="4" falsecount="0"/>
        <line num="134" count="4" type="cond" truecount="2" falsecount="0"/>
        <line num="135" count="3" type="stmt"/>
        <line num="136" count="3" type="stmt"/>
        <line num="138" count="3" type="stmt"/>
        <line num="140" count="1" type="stmt"/>
        <line num="141" count="1" type="stmt"/>
        <line num="143" count="1" type="stmt"/>
        <line num="146" count="4" type="stmt"/>
        <line num="147" count="16" type="stmt"/>
        <line num="150" count="4" type="stmt"/>
        <line num="155" count="5" type="stmt"/>
        <line num="156" count="5" type="cond" truecount="1" falsecount="1"/>
        <line num="157" count="0" type="stmt"/>
        <line num="161" count="0" type="stmt"/>
        <line num="162" count="0" type="stmt"/>
        <line num="168" count="0" type="stmt"/>
        <line num="175" count="5" type="stmt"/>
        <line num="176" count="2" type="cond" truecount="1" falsecount="1"/>
        <line num="177" count="0" type="stmt"/>
        <line num="180" count="0" type="stmt"/>
      </file>
      <file name="Login.js" path="/home/kosmos/Documents/P9/CharlyBIHEL_9_15072021/src/containers/Login.js">
        <metrics statements="45" coveredstatements="36" conditionals="10" coveredconditionals="4" methods="9" coveredmethods="5"/>
        <line num="2" count="2" type="stmt"/>
        <line num="7" count="2" type="stmt"/>
        <line num="8" count="2" type="stmt"/>
        <line num="9" count="2" type="stmt"/>
        <line num="10" count="2" type="stmt"/>
        <line num="11" count="2" type="stmt"/>
        <line num="12" count="2" type="stmt"/>
        <line num="13" count="2" type="stmt"/>
        <line num="14" count="2" type="stmt"/>
        <line num="15" count="2" type="stmt"/>
        <line num="17" count="2" type="stmt"/>
        <line num="18" count="2" type="stmt"/>
        <line num="24" count="2" type="stmt"/>
        <line num="25" count="2" type="stmt"/>
        <line num="26" count="2" type="cond" truecount="1" falsecount="1"/>
        <line num="27" count="2" type="stmt"/>
        <line num="28" count="2" type="stmt"/>
        <line num="29" count="2" type="stmt"/>
        <line num="30" count="2" type="stmt"/>
        <line num="31" count="2" type="stmt"/>
        <line num="34" count="2" type="stmt"/>
        <line num="35" count="2" type="stmt"/>
        <line num="42" count="2" type="stmt"/>
        <line num="43" count="2" type="stmt"/>
        <line num="44" count="2" type="cond" truecount="1" falsecount="1"/>
        <line num="45" count="2" type="stmt"/>
        <line num="46" count="2" type="stmt"/>
        <line num="47" count="2" type="stmt"/>
        <line num="48" count="2" type="stmt"/>
        <line num="49" count="2" type="stmt"/>
        <line num="53" count="2" type="stmt"/>
        <line num="54" count="4" type="cond" truecount="1" falsecount="1"/>
        <line num="55" count="0" type="stmt"/>
        <line num="59" count="0" type="cond" truecount="0" falsecount="2"/>
        <line num="60" count="0" type="stmt"/>
        <line num="61" count="0" type="stmt"/>
        <line num="63" count="0" type="stmt"/>
        <line num="66" count="0" type="stmt"/>
        <line num="68" count="4" type="stmt"/>
        <line num="73" count="2" type="stmt"/>
        <line num="74" count="4" type="cond" truecount="1" falsecount="1"/>
        <line num="75" count="0" type="stmt"/>
        <line num="82" count="0" type="stmt"/>
        <line num="83" count="0" type="stmt"/>
        <line num="85" count="4" type="stmt"/>
      </file>
      <file name="Logout.js" path="/home/kosmos/Documents/P9/CharlyBIHEL_9_15072021/src/containers/Logout.js">
        <metrics statements="7" coveredstatements="7" conditionals="0" coveredconditionals="0" methods="2" coveredmethods="2"/>
        <line num="5" count="15" type="stmt"/>
        <line num="6" count="15" type="stmt"/>
        <line num="7" count="15" type="stmt"/>
        <line num="8" count="15" type="stmt"/>
        <line num="11" count="15" type="stmt"/>
        <line num="12" count="2" type="stmt"/>
        <line num="13" count="2" type="stmt"/>
      </file>
      <file name="NewBill.js" path="/home/kosmos/Documents/P9/CharlyBIHEL_9_15072021/src/containers/NewBill.js">
        <metrics statements="24" coveredstatements="24" conditionals="7" coveredconditionals="5" methods="3" coveredmethods="3"/>
        <line num="7" count="4" type="stmt"/>
        <line num="8" count="4" type="stmt"/>
        <line num="9" count="4" type="stmt"/>
        <line num="10" count="4" type="stmt"/>
        <line num="11" count="4" type="stmt"/>
        <line num="12" count="4" type="stmt"/>
        <line num="13" count="4" type="stmt"/>
        <line num="14" count="4" type="stmt"/>
        <line num="15" count="4" type="stmt"/>
        <line num="16" count="4" type="stmt"/>
        <line num="18" count="4" type="stmt"/>
        <line num="19" count="1" type="stmt"/>
        <line num="20" count="1" type="stmt"/>
        <line num="21" count="1" type="stmt"/>
        <line num="23" count="1" type="cond" truecount="4" falsecount="1"/>
        <line num="36" count="1" type="stmt"/>
        <line num="37" count="1" type="stmt"/>
        <line num="38" count="1" type="stmt"/>
        <line num="41" count="4" type="stmt"/>
        <line num="42" count="1" type="stmt"/>
        <line num="44" count="1" type="stmt"/>
        <line num="45" count="1" type="stmt"/>
        <line num="58" count="1" type="stmt"/>
        <line num="59" count="1" type="stmt"/>
      </file>
    </package>
    <package name="views">
      <metrics statements="33" coveredstatements="33" conditionals="28" coveredconditionals="28" methods="15" coveredmethods="15"/>
      <file name="Actions.js" path="/home/kosmos/Documents/P9/CharlyBIHEL_9_15072021/src/views/Actions.js">
        <metrics statements="1" coveredstatements="1" conditionals="0" coveredconditionals="0" methods="1" coveredmethods="1"/>
        <line num="5" count="30" type="stmt"/>
      </file>
      <file name="BillsUI.js" path="/home/kosmos/Documents/P9/CharlyBIHEL_9_15072021/src/views/BillsUI.js">
        <metrics statements="15" coveredstatements="15" conditionals="6" coveredconditionals="6" methods="6" coveredmethods="6"/>
        <line num="8" count="7" type="stmt"/>
        <line num="9" count="28" type="stmt"/>
        <line num="25" count="7" type="stmt"/>
        <line num="26" count="12" type="cond" truecount="2" falsecount="0"/>
        <line num="27" count="9" type="stmt"/>
        <line num="28" count="23" type="stmt"/>
        <line num="30" count="28" type="stmt"/>
        <line num="31" count="9" type="stmt"/>
        <line num="32" count="9" type="stmt"/>
        <line num="39" count="15" type="stmt"/>
        <line num="56" count="15" type="cond" truecount="2" falsecount="0"/>
        <line num="57" count="1" type="stmt"/>
        <line num="58" count="14" type="cond" truecount="2" falsecount="0"/>
        <line num="59" count="2" type="stmt"/>
        <line num="62" count="12" type="stmt"/>
      </file>
      <file name="DashboardFormUI.js" path="/home/kosmos/Documents/P9/CharlyBIHEL_9_15072021/src/views/DashboardFormUI.js">
        <metrics statements="2" coveredstatements="2" conditionals="4" coveredconditionals="4" methods="2" coveredmethods="2"/>
        <line num="7" count="9" type="stmt"/>
        <line num="26" count="9" type="stmt"/>
      </file>
      <file name="DashboardUI.js" path="/home/kosmos/Documents/P9/CharlyBIHEL_9_15072021/src/views/DashboardUI.js">
        <metrics statements="5" coveredstatements="5" conditionals="10" coveredconditionals="10" methods="1" coveredmethods="1"/>
        <line num="10" count="11" type="cond" truecount="2" falsecount="0"/>
        <line num="11" count="1" type="stmt"/>
        <line num="12" count="10" type="cond" truecount="2" falsecount="0"/>
        <line num="13" count="3" type="stmt"/>
        <line num="16" count="7" type="stmt"/>
      </file>
      <file name="ErrorPage.js" path="/home/kosmos/Documents/P9/CharlyBIHEL_9_15072021/src/views/ErrorPage.js">
        <metrics statements="1" coveredstatements="1" conditionals="2" coveredconditionals="2" methods="1" coveredmethods="1"/>
        <line num="5" count="7" type="stmt"/>
      </file>
      <file name="LoadingPage.js" path="/home/kosmos/Documents/P9/CharlyBIHEL_9_15072021/src/views/LoadingPage.js">
        <metrics statements="1" coveredstatements="1" conditionals="0" coveredconditionals="0" methods="1" coveredmethods="1"/>
        <line num="5" count="3" type="stmt"/>
      </file>
      <file name="LoginUI.js" path="/home/kosmos/Documents/P9/CharlyBIHEL_9_15072021/src/views/LoginUI.js">
        <metrics statements="1" coveredstatements="1" conditionals="0" coveredconditionals="0" methods="1" coveredmethods="1"/>
        <line num="4" count="13" type="stmt"/>
      </file>
      <file name="NewBillUI.js" path="/home/kosmos/Documents/P9/CharlyBIHEL_9_15072021/src/views/NewBillUI.js">
        <metrics statements="1" coveredstatements="1" conditionals="0" coveredconditionals="0" methods="1" coveredmethods="1"/>
        <line num="5" count="10" type="stmt"/>
      </file>
      <file name="VerticalLayout.js" path="/home/kosmos/Documents/P9/CharlyBIHEL_9_15072021/src/views/VerticalLayout.js">
        <metrics statements="6" coveredstatements="6" conditionals="6" coveredconditionals="6" methods="1" coveredmethods="1"/>
        <line num="7" count="39" type="stmt"/>
        <line num="8" count="39" type="cond" truecount="2" falsecount="0"/>
        <line num="9" count="27" type="stmt"/>
        <line num="11" count="39" type="cond" truecount="4" falsecount="0"/>
        <line num="12" count="21" type="stmt"/>
        <line num="29" count="18" type="stmt"/>
      </file>
    </package>
  </project>
</coverage>
