{"/home/kosmos/Documents/P9/CharlyBIHEL_9_15072021/src/constants/routes.js": {"path":"/home/kosmos/Documents/P9/CharlyBIHEL_9_15072021/src/constants/routes.js","statementMap":{"0":{"start":{"line":6,"column":27},"end":{"line":11,"column":1}},"1":{"start":{"line":13,"column":22},"end":{"line":26,"column":1}},"2":{"start":{"line":14,"column":2},"end":{"line":25,"column":3}},"3":{"start":{"line":16,"column":6},"end":{"line":16,"column":46}},"4":{"start":{"line":18,"column":6},"end":{"line":18,"column":46}},"5":{"start":{"line":20,"column":6},"end":{"line":20,"column":24}},"6":{"start":{"line":22,"column":6},"end":{"line":22,"column":50}},"7":{"start":{"line":24,"column":6},"end":{"line":24,"column":46}}},"fnMap":{"0":{"name":"(anonymous_0)","decl":{"start":{"line":13,"column":22},"end":{"line":13,"column":23}},"loc":{"start":{"line":13,"column":62},"end":{"line":26,"column":1}},"line":13}},"branchMap":{"0":{"loc":{"start":{"line":14,"column":2},"end":{"line":25,"column":3}},"type":"switch","locations":[{"start":{"line":15,"column":4},"end":{"line":16,"column":46}},{"start":{"line":17,"column":4},"end":{"line":18,"column":46}},{"start":{"line":19,"column":4},"end":{"line":20,"column":24}},{"start":{"line":21,"column":4},"end":{"line":22,"column":50}},{"start":{"line":23,"column":4},"end":{"line":24,"column":46}}],"line":14}},"s":{"0":7,"1":7,"2":23,"3":3,"4":5,"5":6,"6":5,"7":4},"f":{"0":23},"b":{"0":[3,5,6,5,4]},"_coverageSchema":"1a1c01bbd47fc00a2c39e90264f33305004495a9","hash":"a31f6bab912c2a4323c44b5526b9f88d8d01fdde"}
,"/home/kosmos/Documents/P9/CharlyBIHEL_9_15072021/src/constants/usersTest.js": {"path":"/home/kosmos/Documents/P9/CharlyBIHEL_9_15072021/src/constants/usersTest.js","statementMap":{},"fnMap":{},"branchMap":{},"s":{},"f":{},"b":{},"_coverageSchema":"1a1c01bbd47fc00a2c39e90264f33305004495a9","hash":"153d57e31fe1a2296be15742f47006d789e0a08b"}
,"/home/kosmos/Documents/P9/CharlyBIHEL_9_15072021/src/containers/Bills.js": {"path":"/home/kosmos/Documents/P9/CharlyBIHEL_9_15072021/src/containers/Bills.js","statementMap":{"0":{"start":{"line":6,"column":8},"end":{"line":6,"column":32}},"1":{"start":{"line":7,"column":8},"end":{"line":7,"column":36}},"2":{"start":{"line":8,"column":8},"end":{"line":8,"column":34}},"3":{"start":{"line":9,"column":30},"end":{"line":9,"column":90}},"4":{"start":{"line":10,"column":8},"end":{"line":10,"column":92}},"5":{"start":{"line":10,"column":27},"end":{"line":10,"column":92}},"6":{"start":{"line":11,"column":24},"end":{"line":11,"column":80}},"7":{"start":{"line":12,"column":8},"end":{"line":14,"column":11}},"8":{"start":{"line":12,"column":21},"end":{"line":14,"column":11}},"9":{"start":{"line":13,"column":12},"end":{"line":13,"column":81}},"10":{"start":{"line":13,"column":50},"end":{"line":13,"column":79}},"11":{"start":{"line":15,"column":8},"end":{"line":15,"column":59}},"12":{"start":{"line":18,"column":25},"end":{"line":20,"column":5}},"13":{"start":{"line":19,"column":8},"end":{"line":19,"column":48}},"14":{"start":{"line":22,"column":25},"end":{"line":27,"column":5}},"15":{"start":{"line":23,"column":24},"end":{"line":23,"column":58}},"16":{"start":{"line":24,"column":25},"end":{"line":24,"column":67}},"17":{"start":{"line":25,"column":8},"end":{"line":25,"column":133}},"18":{"start":{"line":26,"column":8},"end":{"line":26,"column":39}}},"fnMap":{"0":{"name":"(anonymous_0)","decl":{"start":{"line":5,"column":4},"end":{"line":5,"column":5}},"loc":{"start":{"line":5,"column":67},"end":{"line":16,"column":5}},"line":5},"1":{"name":"(anonymous_1)","decl":{"start":{"line":12,"column":37},"end":{"line":12,"column":38}},"loc":{"start":{"line":12,"column":45},"end":{"line":14,"column":9}},"line":12},"2":{"name":"(anonymous_2)","decl":{"start":{"line":13,"column":43},"end":{"line":13,"column":44}},"loc":{"start":{"line":13,"column":50},"end":{"line":13,"column":79}},"line":13},"3":{"name":"(anonymous_3)","decl":{"start":{"line":18,"column":25},"end":{"line":18,"column":26}},"loc":{"start":{"line":18,"column":30},"end":{"line":20,"column":5}},"line":18},"4":{"name":"(anonymous_4)","decl":{"start":{"line":22,"column":25},"end":{"line":22,"column":26}},"loc":{"start":{"line":22,"column":35},"end":{"line":27,"column":5}},"line":22}},"branchMap":{"0":{"loc":{"start":{"line":10,"column":8},"end":{"line":10,"column":92}},"type":"if","locations":[{"start":{"line":10,"column":8},"end":{"line":10,"column":92}},{"start":{"line":10,"column":8},"end":{"line":10,"column":92}}],"line":10},"1":{"loc":{"start":{"line":12,"column":8},"end":{"line":14,"column":11}},"type":"if","locations":[{"start":{"line":12,"column":8},"end":{"line":14,"column":11}},{"start":{"line":12,"column":8},"end":{"line":14,"column":11}}],"line":12}},"s":{"0":5,"1":5,"2":5,"3":5,"4":5,"5":5,"6":5,"7":5,"8":5,"9":20,"10":5,"11":5,"12":5,"13":3,"14":5,"15":9,"16":9,"17":9,"18":9},"f":{"0":5,"1":20,"2":5,"3":3,"4":9},"b":{"0":[5,0],"1":[5,0]},"_coverageSchema":"1a1c01bbd47fc00a2c39e90264f33305004495a9","hash":"f54a94c32b4fae1334afe2a187c1a19f2558b7b8"}
,"/home/kosmos/Documents/P9/CharlyBIHEL_9_15072021/src/containers/Dashboard.js": {"path":"/home/kosmos/Documents/P9/CharlyBIHEL_9_15072021/src/containers/Dashboard.js","statementMap":{"0":{"start":{"line":8,"column":29},"end":{"line":26,"column":1}},"1":{"start":{"line":9,"column":4},"end":{"line":25,"column":15}},"2":{"start":{"line":15,"column":12},"end":{"line":22,"column":13}},"3":{"start":{"line":16,"column":16},"end":{"line":16,"column":58}},"4":{"start":{"line":19,"column":34},"end":{"line":19,"column":80}},"5":{"start":{"line":20,"column":16},"end":{"line":21,"column":95}},"6":{"start":{"line":24,"column":12},"end":{"line":24,"column":34}},"7":{"start":{"line":28,"column":20},"end":{"line":51,"column":1}},"8":{"start":{"line":29,"column":30},"end":{"line":29,"column":54}},"9":{"start":{"line":30,"column":22},"end":{"line":31,"column":44}},"10":{"start":{"line":32,"column":21},"end":{"line":33,"column":59}},"11":{"start":{"line":35,"column":4},"end":{"line":50,"column":4}},"12":{"start":{"line":53,"column":21},"end":{"line":55,"column":1}},"13":{"start":{"line":54,"column":4},"end":{"line":54,"column":78}},"14":{"start":{"line":54,"column":53},"end":{"line":54,"column":63}},"15":{"start":{"line":57,"column":25},"end":{"line":66,"column":1}},"16":{"start":{"line":58,"column":4},"end":{"line":65,"column":5}},"17":{"start":{"line":60,"column":12},"end":{"line":60,"column":28}},"18":{"start":{"line":62,"column":12},"end":{"line":62,"column":29}},"19":{"start":{"line":64,"column":12},"end":{"line":64,"column":28}},"20":{"start":{"line":70,"column":8},"end":{"line":70,"column":32}},"21":{"start":{"line":71,"column":8},"end":{"line":71,"column":36}},"22":{"start":{"line":72,"column":8},"end":{"line":72,"column":34}},"23":{"start":{"line":73,"column":8},"end":{"line":73,"column":75}},"24":{"start":{"line":73,"column":39},"end":{"line":73,"column":74}},"25":{"start":{"line":74,"column":8},"end":{"line":74,"column":75}},"26":{"start":{"line":74,"column":39},"end":{"line":74,"column":74}},"27":{"start":{"line":75,"column":8},"end":{"line":75,"column":75}},"28":{"start":{"line":75,"column":39},"end":{"line":75,"column":74}},"29":{"start":{"line":76,"column":8},"end":{"line":76,"column":31}},"30":{"start":{"line":77,"column":8},"end":{"line":77,"column":48}},"31":{"start":{"line":80,"column":25},"end":{"line":85,"column":5}},"32":{"start":{"line":81,"column":24},"end":{"line":81,"column":62}},"33":{"start":{"line":82,"column":25},"end":{"line":82,"column":73}},"34":{"start":{"line":83,"column":8},"end":{"line":83,"column":138}},"35":{"start":{"line":84,"column":8},"end":{"line":84,"column":100}},"36":{"start":{"line":84,"column":64},"end":{"line":84,"column":100}},"37":{"start":{"line":88,"column":8},"end":{"line":88,"column":79}},"38":{"start":{"line":88,"column":63},"end":{"line":88,"column":79}},"39":{"start":{"line":89,"column":8},"end":{"line":89,"column":75}},"40":{"start":{"line":89,"column":58},"end":{"line":89,"column":75}},"41":{"start":{"line":90,"column":8},"end":{"line":105,"column":9}},"42":{"start":{"line":91,"column":12},"end":{"line":93,"column":14}},"43":{"start":{"line":92,"column":16},"end":{"line":92,"column":69}},"44":{"start":{"line":94,"column":12},"end":{"line":94,"column":68}},"45":{"start":{"line":95,"column":12},"end":{"line":95,"column":75}},"46":{"start":{"line":96,"column":12},"end":{"line":96,"column":58}},"47":{"start":{"line":97,"column":12},"end":{"line":97,"column":26}},"48":{"start":{"line":99,"column":12},"end":{"line":99,"column":68}},"49":{"start":{"line":102,"column":12},"end":{"line":102,"column":75}},"50":{"start":{"line":103,"column":12},"end":{"line":103,"column":58}},"51":{"start":{"line":104,"column":12},"end":{"line":104,"column":26}},"52":{"start":{"line":106,"column":8},"end":{"line":106,"column":55}},"53":{"start":{"line":107,"column":8},"end":{"line":107,"column":76}},"54":{"start":{"line":107,"column":43},"end":{"line":107,"column":75}},"55":{"start":{"line":108,"column":8},"end":{"line":108,"column":76}},"56":{"start":{"line":108,"column":43},"end":{"line":108,"column":75}},"57":{"start":{"line":111,"column":25},"end":{"line":119,"column":5}},"58":{"start":{"line":112,"column":24},"end":{"line":116,"column":9}},"59":{"start":{"line":117,"column":8},"end":{"line":117,"column":32}},"60":{"start":{"line":118,"column":8},"end":{"line":118,"column":49}},"61":{"start":{"line":121,"column":25},"end":{"line":129,"column":5}},"62":{"start":{"line":122,"column":24},"end":{"line":126,"column":9}},"63":{"start":{"line":127,"column":8},"end":{"line":127,"column":32}},"64":{"start":{"line":128,"column":8},"end":{"line":128,"column":49}},"65":{"start":{"line":132,"column":8},"end":{"line":132,"column":80}},"66":{"start":{"line":132,"column":64},"end":{"line":132,"column":80}},"67":{"start":{"line":133,"column":8},"end":{"line":133,"column":80}},"68":{"start":{"line":133,"column":62},"end":{"line":133,"column":80}},"69":{"start":{"line":134,"column":8},"end":{"line":144,"column":9}},"70":{"start":{"line":135,"column":12},"end":{"line":135,"column":76}},"71":{"start":{"line":136,"column":12},"end":{"line":137,"column":73}},"72":{"start":{"line":138,"column":12},"end":{"line":138,"column":26}},"73":{"start":{"line":140,"column":12},"end":{"line":140,"column":77}},"74":{"start":{"line":141,"column":12},"end":{"line":142,"column":25}},"75":{"start":{"line":143,"column":12},"end":{"line":143,"column":26}},"76":{"start":{"line":146,"column":8},"end":{"line":148,"column":10}},"77":{"start":{"line":147,"column":12},"end":{"line":147,"column":89}},"78":{"start":{"line":147,"column":51},"end":{"line":147,"column":88}},"79":{"start":{"line":150,"column":8},"end":{"line":150,"column":20}},"80":{"start":{"line":155,"column":23},"end":{"line":172,"column":5}},"81":{"start":{"line":156,"column":8},"end":{"line":171,"column":9}},"82":{"start":{"line":157,"column":12},"end":{"line":170,"column":35}},"83":{"start":{"line":161,"column":34},"end":{"line":167,"column":27}},"84":{"start":{"line":162,"column":37},"end":{"line":167,"column":25}},"85":{"start":{"line":168,"column":20},"end":{"line":168,"column":32}},"86":{"start":{"line":175,"column":17},"end":{"line":183,"column":5}},"87":{"start":{"line":176,"column":8},"end":{"line":182,"column":9}},"88":{"start":{"line":177,"column":12},"end":{"line":181,"column":35}},"89":{"start":{"line":180,"column":30},"end":{"line":180,"column":34}}},"fnMap":{"0":{"name":"(anonymous_0)","decl":{"start":{"line":8,"column":29},"end":{"line":8,"column":30}},"loc":{"start":{"line":8,"column":47},"end":{"line":26,"column":1}},"line":8},"1":{"name":"(anonymous_1)","decl":{"start":{"line":10,"column":20},"end":{"line":10,"column":21}},"loc":{"start":{"line":10,"column":28},"end":{"line":25,"column":9}},"line":10},"2":{"name":"(anonymous_2)","decl":{"start":{"line":28,"column":20},"end":{"line":28,"column":21}},"loc":{"start":{"line":28,"column":30},"end":{"line":51,"column":1}},"line":28},"3":{"name":"(anonymous_3)","decl":{"start":{"line":53,"column":21},"end":{"line":53,"column":22}},"loc":{"start":{"line":53,"column":32},"end":{"line":55,"column":1}},"line":53},"4":{"name":"(anonymous_4)","decl":{"start":{"line":54,"column":45},"end":{"line":54,"column":46}},"loc":{"start":{"line":54,"column":53},"end":{"line":54,"column":63}},"line":54},"5":{"name":"(anonymous_5)","decl":{"start":{"line":57,"column":25},"end":{"line":57,"column":26}},"loc":{"start":{"line":57,"column":36},"end":{"line":66,"column":1}},"line":57},"6":{"name":"(anonymous_6)","decl":{"start":{"line":69,"column":4},"end":{"line":69,"column":5}},"loc":{"start":{"line":69,"column":74},"end":{"line":78,"column":5}},"line":69},"7":{"name":"(anonymous_7)","decl":{"start":{"line":73,"column":32},"end":{"line":73,"column":33}},"loc":{"start":{"line":73,"column":39},"end":{"line":73,"column":74}},"line":73},"8":{"name":"(anonymous_8)","decl":{"start":{"line":74,"column":32},"end":{"line":74,"column":33}},"loc":{"start":{"line":74,"column":39},"end":{"line":74,"column":74}},"line":74},"9":{"name":"(anonymous_9)","decl":{"start":{"line":75,"column":32},"end":{"line":75,"column":33}},"loc":{"start":{"line":75,"column":39},"end":{"line":75,"column":74}},"line":75},"10":{"name":"(anonymous_10)","decl":{"start":{"line":80,"column":25},"end":{"line":80,"column":26}},"loc":{"start":{"line":80,"column":31},"end":{"line":85,"column":5}},"line":80},"11":{"name":"(anonymous_11)","decl":{"start":{"line":87,"column":4},"end":{"line":87,"column":5}},"loc":{"start":{"line":87,"column":37},"end":{"line":109,"column":5}},"line":87},"12":{"name":"(anonymous_12)","decl":{"start":{"line":91,"column":26},"end":{"line":91,"column":27}},"loc":{"start":{"line":91,"column":31},"end":{"line":93,"column":13}},"line":91},"13":{"name":"(anonymous_13)","decl":{"start":{"line":107,"column":36},"end":{"line":107,"column":37}},"loc":{"start":{"line":107,"column":43},"end":{"line":107,"column":75}},"line":107},"14":{"name":"(anonymous_14)","decl":{"start":{"line":108,"column":36},"end":{"line":108,"column":37}},"loc":{"start":{"line":108,"column":43},"end":{"line":108,"column":75}},"line":108},"15":{"name":"(anonymous_15)","decl":{"start":{"line":111,"column":25},"end":{"line":111,"column":26}},"loc":{"start":{"line":111,"column":38},"end":{"line":119,"column":5}},"line":111},"16":{"name":"(anonymous_16)","decl":{"start":{"line":121,"column":25},"end":{"line":121,"column":26}},"loc":{"start":{"line":121,"column":38},"end":{"line":129,"column":5}},"line":121},"17":{"name":"(anonymous_17)","decl":{"start":{"line":131,"column":4},"end":{"line":131,"column":5}},"loc":{"start":{"line":131,"column":39},"end":{"line":152,"column":5}},"line":131},"18":{"name":"(anonymous_18)","decl":{"start":{"line":146,"column":22},"end":{"line":146,"column":23}},"loc":{"start":{"line":146,"column":30},"end":{"line":148,"column":9}},"line":146},"19":{"name":"(anonymous_19)","decl":{"start":{"line":147,"column":44},"end":{"line":147,"column":45}},"loc":{"start":{"line":147,"column":51},"end":{"line":147,"column":88}},"line":147},"20":{"name":"(anonymous_20)","decl":{"start":{"line":155,"column":23},"end":{"line":155,"column":24}},"loc":{"start":{"line":155,"column":29},"end":{"line":172,"column":5}},"line":155},"21":{"name":"(anonymous_21)","decl":{"start":{"line":160,"column":22},"end":{"line":160,"column":23}},"loc":{"start":{"line":160,"column":34},"end":{"line":169,"column":17}},"line":160},"22":{"name":"(anonymous_22)","decl":{"start":{"line":162,"column":29},"end":{"line":162,"column":30}},"loc":{"start":{"line":162,"column":37},"end":{"line":167,"column":25}},"line":162},"23":{"name":"(anonymous_23)","decl":{"start":{"line":175,"column":17},"end":{"line":175,"column":18}},"loc":{"start":{"line":175,"column":27},"end":{"line":183,"column":5}},"line":175},"24":{"name":"(anonymous_24)","decl":{"start":{"line":180,"column":22},"end":{"line":180,"column":23}},"loc":{"start":{"line":180,"column":30},"end":{"line":180,"column":34}},"line":180}},"branchMap":{"0":{"loc":{"start":{"line":9,"column":11},"end":{"line":25,"column":15}},"type":"cond-expr","locations":[{"start":{"line":10,"column":8},"end":{"line":25,"column":10}},{"start":{"line":25,"column":13},"end":{"line":25,"column":15}}],"line":9},"1":{"loc":{"start":{"line":9,"column":12},"end":{"line":9,"column":31}},"type":"binary-expr","locations":[{"start":{"line":9,"column":12},"end":{"line":9,"column":16}},{"start":{"line":9,"column":20},"end":{"line":9,"column":31}}],"line":9},"2":{"loc":{"start":{"line":15,"column":12},"end":{"line":22,"column":13}},"type":"if","locations":[{"start":{"line":15,"column":12},"end":{"line":22,"column":13}},{"start":{"line":15,"column":12},"end":{"line":22,"column":13}}],"line":15},"3":{"loc":{"start":{"line":21,"column":20},"end":{"line":21,"column":95}},"type":"binary-expr","locations":[{"start":{"line":21,"column":21},"end":{"line":21,"column":43}},{"start":{"line":21,"column":48},"end":{"line":21,"column":95}}],"line":21},"4":{"loc":{"start":{"line":30,"column":22},"end":{"line":31,"column":44}},"type":"cond-expr","locations":[{"start":{"line":31,"column":8},"end":{"line":31,"column":39}},{"start":{"line":31,"column":42},"end":{"line":31,"column":44}}],"line":30},"5":{"loc":{"start":{"line":32,"column":21},"end":{"line":33,"column":59}},"type":"cond-expr","locations":[{"start":{"line":33,"column":8},"end":{"line":33,"column":39}},{"start":{"line":33,"column":42},"end":{"line":33,"column":59}}],"line":32},"6":{"loc":{"start":{"line":54,"column":11},"end":{"line":54,"column":78}},"type":"cond-expr","locations":[{"start":{"line":54,"column":35},"end":{"line":54,"column":73}},{"start":{"line":54,"column":76},"end":{"line":54,"column":78}}],"line":54},"7":{"loc":{"start":{"line":54,"column":11},"end":{"line":54,"column":32}},"type":"binary-expr","locations":[{"start":{"line":54,"column":11},"end":{"line":54,"column":16}},{"start":{"line":54,"column":20},"end":{"line":54,"column":32}}],"line":54},"8":{"loc":{"start":{"line":58,"column":4},"end":{"line":65,"column":5}},"type":"switch","locations":[{"start":{"line":59,"column":8},"end":{"line":60,"column":28}},{"start":{"line":61,"column":8},"end":{"line":62,"column":29}},{"start":{"line":63,"column":8},"end":{"line":64,"column":28}}],"line":58},"9":{"loc":{"start":{"line":84,"column":8},"end":{"line":84,"column":100}},"type":"if","locations":[{"start":{"line":84,"column":8},"end":{"line":84,"column":100}},{"start":{"line":84,"column":8},"end":{"line":84,"column":100}}],"line":84},"10":{"loc":{"start":{"line":88,"column":8},"end":{"line":88,"column":79}},"type":"if","locations":[{"start":{"line":88,"column":8},"end":{"line":88,"column":79}},{"start":{"line":88,"column":8},"end":{"line":88,"column":79}}],"line":88},"11":{"loc":{"start":{"line":88,"column":12},"end":{"line":88,"column":61}},"type":"binary-expr","locations":[{"start":{"line":88,"column":12},"end":{"line":88,"column":38}},{"start":{"line":88,"column":42},"end":{"line":88,"column":61}}],"line":88},"12":{"loc":{"start":{"line":89,"column":8},"end":{"line":89,"column":75}},"type":"if","locations":[{"start":{"line":89,"column":8},"end":{"line":89,"column":75}},{"start":{"line":89,"column":8},"end":{"line":89,"column":75}}],"line":89},"13":{"loc":{"start":{"line":89,"column":12},"end":{"line":89,"column":56}},"type":"binary-expr","locations":[{"start":{"line":89,"column":12},"end":{"line":89,"column":33}},{"start":{"line":89,"column":37},"end":{"line":89,"column":56}}],"line":89},"14":{"loc":{"start":{"line":90,"column":8},"end":{"line":105,"column":9}},"type":"if","locations":[{"start":{"line":90,"column":8},"end":{"line":105,"column":9}},{"start":{"line":90,"column":8},"end":{"line":105,"column":9}}],"line":90},"15":{"loc":{"start":{"line":132,"column":8},"end":{"line":132,"column":80}},"type":"if","locations":[{"start":{"line":132,"column":8},"end":{"line":132,"column":80}},{"start":{"line":132,"column":8},"end":{"line":132,"column":80}}],"line":132},"16":{"loc":{"start":{"line":132,"column":12},"end":{"line":132,"column":62}},"type":"binary-expr","locations":[{"start":{"line":132,"column":12},"end":{"line":132,"column":38}},{"start":{"line":132,"column":42},"end":{"line":132,"column":62}}],"line":132},"17":{"loc":{"start":{"line":133,"column":8},"end":{"line":133,"column":80}},"type":"if","locations":[{"start":{"line":133,"column":8},"end":{"line":133,"column":80}},{"start":{"line":133,"column":8},"end":{"line":133,"column":80}}],"line":133},"18":{"loc":{"start":{"line":133,"column":12},"end":{"line":133,"column":60}},"type":"binary-expr","locations":[{"start":{"line":133,"column":12},"end":{"line":133,"column":36}},{"start":{"line":133,"column":40},"end":{"line":133,"column":60}}],"line":133},"19":{"loc":{"start":{"line":134,"column":8},"end":{"line":144,"column":9}},"type":"if","locations":[{"start":{"line":134,"column":8},"end":{"line":144,"column":9}},{"start":{"line":134,"column":8},"end":{"line":144,"column":9}}],"line":134},"20":{"loc":{"start":{"line":156,"column":8},"end":{"line":171,"column":9}},"type":"if","locations":[{"start":{"line":156,"column":8},"end":{"line":171,"column":9}},{"start":{"line":156,"column":8},"end":{"line":171,"column":9}}],"line":156},"21":{"loc":{"start":{"line":176,"column":8},"end":{"line":182,"column":9}},"type":"if","locations":[{"start":{"line":176,"column":8},"end":{"line":182,"column":9}},{"start":{"line":176,"column":8},"end":{"line":182,"column":9}}],"line":176}},"s":{"0":7,"1":27,"2":24,"3":24,"4":0,"5":0,"6":24,"7":7,"8":8,"9":8,"10":8,"11":8,"12":7,"13":5,"14":8,"15":7,"16":3,"17":1,"18":1,"19":1,"20":5,"21":5,"22":5,"23":5,"24":0,"25":5,"26":0,"27":5,"28":0,"29":5,"30":5,"31":5,"32":1,"33":1,"34":1,"35":1,"36":0,"37":2,"38":1,"39":2,"40":1,"41":2,"42":1,"43":4,"44":1,"45":1,"46":1,"47":1,"48":1,"49":1,"50":1,"51":1,"52":2,"53":2,"54":0,"55":2,"56":0,"57":5,"58":1,"59":1,"60":1,"61":5,"62":1,"63":1,"64":1,"65":4,"66":3,"67":4,"68":3,"69":4,"70":3,"71":3,"72":3,"73":1,"74":1,"75":1,"76":4,"77":16,"78":0,"79":4,"80":5,"81":5,"82":0,"83":0,"84":0,"85":0,"86":5,"87":2,"88":0,"89":0},"f":{"0":27,"1":24,"2":8,"3":5,"4":8,"5":3,"6":5,"7":0,"8":0,"9":0,"10":1,"11":2,"12":4,"13":0,"14":0,"15":1,"16":1,"17":4,"18":16,"19":0,"20":5,"21":0,"22":0,"23":2,"24":0},"b":{"0":[6,21],"1":[27,6],"2":[24,0],"3":[0,0],"4":[0,8],"5":[0,8],"6":[4,1],"7":[5,5],"8":[1,1,1],"9":[0,1],"10":[1,1],"11":[2,1],"12":[1,1],"13":[2,1],"14":[1,1],"15":[3,1],"16":[4,3],"17":[3,1],"18":[4,3],"19":[3,1],"20":[0,5],"21":[0,2]},"_coverageSchema":"1a1c01bbd47fc00a2c39e90264f33305004495a9","hash":"1d4376fb559622c1ba0b6b121b8a86e1a21c63de"}
,"/home/kosmos/Documents/P9/CharlyBIHEL_9_15072021/src/containers/Login.js": {"path":"/home/kosmos/Documents/P9/CharlyBIHEL_9_15072021/src/containers/Login.js","statementMap":{"0":{"start":{"line":2,"column":31},"end":{"line":2,"column":33}},"1":{"start":{"line":7,"column":8},"end":{"line":7,"column":32}},"2":{"start":{"line":8,"column":8},"end":{"line":8,"column":40}},"3":{"start":{"line":9,"column":8},"end":{"line":9,"column":36}},"4":{"start":{"line":10,"column":8},"end":{"line":10,"column":50}},"5":{"start":{"line":11,"column":8},"end":{"line":11,"column":34}},"6":{"start":{"line":12,"column":29},"end":{"line":12,"column":93}},"7":{"start":{"line":13,"column":8},"end":{"line":13,"column":74}},"8":{"start":{"line":14,"column":26},"end":{"line":14,"column":87}},"9":{"start":{"line":15,"column":8},"end":{"line":15,"column":68}},"10":{"start":{"line":17,"column":27},"end":{"line":32,"column":5}},"11":{"start":{"line":18,"column":21},"end":{"line":23,"column":9}},"12":{"start":{"line":24,"column":8},"end":{"line":24,"column":63}},"13":{"start":{"line":25,"column":27},"end":{"line":25,"column":55}},"14":{"start":{"line":26,"column":8},"end":{"line":26,"column":46}},"15":{"start":{"line":26,"column":25},"end":{"line":26,"column":46}},"16":{"start":{"line":27,"column":8},"end":{"line":27,"column":26}},"17":{"start":{"line":28,"column":8},"end":{"line":28,"column":45}},"18":{"start":{"line":29,"column":8},"end":{"line":29,"column":53}},"19":{"start":{"line":30,"column":8},"end":{"line":30,"column":50}},"20":{"start":{"line":31,"column":8},"end":{"line":31,"column":57}},"21":{"start":{"line":34,"column":24},"end":{"line":49,"column":5}},"22":{"start":{"line":35,"column":21},"end":{"line":40,"column":9}},"23":{"start":{"line":41,"column":8},"end":{"line":41,"column":63}},"24":{"start":{"line":42,"column":27},"end":{"line":42,"column":55}},"25":{"start":{"line":43,"column":8},"end":{"line":43,"column":46}},"26":{"start":{"line":43,"column":25},"end":{"line":43,"column":46}},"27":{"start":{"line":44,"column":8},"end":{"line":44,"column":26}},"28":{"start":{"line":45,"column":8},"end":{"line":45,"column":49}},"29":{"start":{"line":46,"column":8},"end":{"line":46,"column":57}},"30":{"start":{"line":47,"column":8},"end":{"line":47,"column":50}},"31":{"start":{"line":48,"column":8},"end":{"line":48,"column":52}},"32":{"start":{"line":52,"column":24},"end":{"line":69,"column":5}},"33":{"start":{"line":53,"column":8},"end":{"line":68,"column":9}},"34":{"start":{"line":54,"column":12},"end":{"line":65,"column":38}},"35":{"start":{"line":58,"column":20},"end":{"line":63,"column":21}},"36":{"start":{"line":59,"column":24},"end":{"line":59,"column":69}},"37":{"start":{"line":60,"column":24},"end":{"line":60,"column":35}},"38":{"start":{"line":62,"column":24},"end":{"line":62,"column":36}},"39":{"start":{"line":65,"column":32},"end":{"line":65,"column":37}},"40":{"start":{"line":67,"column":12},"end":{"line":67,"column":23}},"41":{"start":{"line":72,"column":17},"end":{"line":86,"column":5}},"42":{"start":{"line":73,"column":8},"end":{"line":85,"column":9}},"43":{"start":{"line":74,"column":12},"end":{"line":82,"column":38}},"44":{"start":{"line":81,"column":28},"end":{"line":81,"column":77}},"45":{"start":{"line":82,"column":32},"end":{"line":82,"column":37}},"46":{"start":{"line":84,"column":12},"end":{"line":84,"column":23}}},"fnMap":{"0":{"name":"(anonymous_0)","decl":{"start":{"line":6,"column":4},"end":{"line":6,"column":5}},"loc":{"start":{"line":6,"column":86},"end":{"line":16,"column":5}},"line":6},"1":{"name":"(anonymous_1)","decl":{"start":{"line":17,"column":27},"end":{"line":17,"column":28}},"loc":{"start":{"line":17,"column":32},"end":{"line":32,"column":5}},"line":17},"2":{"name":"(anonymous_2)","decl":{"start":{"line":34,"column":24},"end":{"line":34,"column":25}},"loc":{"start":{"line":34,"column":29},"end":{"line":49,"column":5}},"line":34},"3":{"name":"(anonymous_3)","decl":{"start":{"line":52,"column":24},"end":{"line":52,"column":25}},"loc":{"start":{"line":52,"column":34},"end":{"line":69,"column":5}},"line":52},"4":{"name":"(anonymous_4)","decl":{"start":{"line":57,"column":22},"end":{"line":57,"column":23}},"loc":{"start":{"line":57,"column":31},"end":{"line":64,"column":17}},"line":57},"5":{"name":"(anonymous_5)","decl":{"start":{"line":65,"column":23},"end":{"line":65,"column":24}},"loc":{"start":{"line":65,"column":32},"end":{"line":65,"column":37}},"line":65},"6":{"name":"(anonymous_6)","decl":{"start":{"line":72,"column":17},"end":{"line":72,"column":18}},"loc":{"start":{"line":72,"column":27},"end":{"line":86,"column":5}},"line":72},"7":{"name":"(anonymous_7)","decl":{"start":{"line":81,"column":22},"end":{"line":81,"column":23}},"loc":{"start":{"line":81,"column":28},"end":{"line":81,"column":77}},"line":81},"8":{"name":"(anonymous_8)","decl":{"start":{"line":82,"column":23},"end":{"line":82,"column":24}},"loc":{"start":{"line":82,"column":32},"end":{"line":82,"column":37}},"line":82}},"branchMap":{"0":{"loc":{"start":{"line":26,"column":8},"end":{"line":26,"column":46}},"type":"if","locations":[{"start":{"line":26,"column":8},"end":{"line":26,"column":46}},{"start":{"line":26,"column":8},"end":{"line":26,"column":46}}],"line":26},"1":{"loc":{"start":{"line":43,"column":8},"end":{"line":43,"column":46}},"type":"if","locations":[{"start":{"line":43,"column":8},"end":{"line":43,"column":46}},{"start":{"line":43,"column":8},"end":{"line":43,"column":46}}],"line":43},"2":{"loc":{"start":{"line":53,"column":8},"end":{"line":68,"column":9}},"type":"if","locations":[{"start":{"line":53,"column":8},"end":{"line":68,"column":9}},{"start":{"line":53,"column":8},"end":{"line":68,"column":9}}],"line":53},"3":{"loc":{"start":{"line":58,"column":20},"end":{"line":63,"column":21}},"type":"if","locations":[{"start":{"line":58,"column":20},"end":{"line":63,"column":21}},{"start":{"line":58,"column":20},"end":{"line":63,"column":21}}],"line":58},"4":{"loc":{"start":{"line":73,"column":8},"end":{"line":85,"column":9}},"type":"if","locations":[{"start":{"line":73,"column":8},"end":{"line":85,"column":9}},{"start":{"line":73,"column":8},"end":{"line":85,"column":9}}],"line":73}},"s":{"0":2,"1":2,"2":2,"3":2,"4":2,"5":2,"6":2,"7":2,"8":2,"9":2,"10":2,"11":2,"12":2,"13":2,"14":2,"15":2,"16":2,"17":2,"18":2,"19":2,"20":2,"21":2,"22":2,"23":2,"24":2,"25":2,"26":2,"27":2,"28":2,"29":2,"30":2,"31":2,"32":2,"33":4,"34":0,"35":0,"36":0,"37":0,"38":0,"39":0,"40":4,"41":2,"42":4,"43":0,"44":0,"45":0,"46":4},"f":{"0":2,"1":2,"2":2,"3":4,"4":0,"5":0,"6":4,"7":0,"8":0},"b":{"0":[2,0],"1":[2,0],"2":[0,4],"3":[0,0],"4":[0,4]},"_coverageSchema":"1a1c01bbd47fc00a2c39e90264f33305004495a9","hash":"b2f23e48f852bce4d15118179653f0a14b7a69f3"}
,"/home/kosmos/Documents/P9/CharlyBIHEL_9_15072021/src/containers/Logout.js": {"path":"/home/kosmos/Documents/P9/CharlyBIHEL_9_15072021/src/containers/Logout.js","statementMap":{"0":{"start":{"line":5,"column":4},"end":{"line":5,"column":28}},"1":{"start":{"line":6,"column":4},"end":{"line":6,"column":32}},"2":{"start":{"line":7,"column":4},"end":{"line":7,"column":36}},"3":{"start":{"line":8,"column":4},"end":{"line":8,"column":51}},"4":{"start":{"line":11,"column":16},"end":{"line":14,"column":3}},"5":{"start":{"line":12,"column":4},"end":{"line":12,"column":29}},"6":{"start":{"line":13,"column":4},"end":{"line":13,"column":41}}},"fnMap":{"0":{"name":"(anonymous_0)","decl":{"start":{"line":4,"column":2},"end":{"line":4,"column":3}},"loc":{"start":{"line":4,"column":54},"end":{"line":9,"column":3}},"line":4},"1":{"name":"(anonymous_1)","decl":{"start":{"line":11,"column":16},"end":{"line":11,"column":17}},"loc":{"start":{"line":11,"column":23},"end":{"line":14,"column":3}},"line":11}},"branchMap":{},"s":{"0":15,"1":15,"2":15,"3":15,"4":15,"5":2,"6":2},"f":{"0":15,"1":2},"b":{},"_coverageSchema":"1a1c01bbd47fc00a2c39e90264f33305004495a9","hash":"deda8e0788917e582fa337a34a7902f70f9c246b"}
,"/home/kosmos/Documents/P9/CharlyBIHEL_9_15072021/src/containers/NewBill.js": {"path":"/home/kosmos/Documents/P9/CharlyBIHEL_9_15072021/src/containers/NewBill.js","statementMap":{"0":{"start":{"line":7,"column":8},"end":{"line":7,"column":33}},"1":{"start":{"line":8,"column":8},"end":{"line":8,"column":37}},"2":{"start":{"line":9,"column":8},"end":{"line":9,"column":35}},"3":{"start":{"line":10,"column":28},"end":{"line":10,"column":92}},"4":{"start":{"line":11,"column":8},"end":{"line":11,"column":66}},"5":{"start":{"line":12,"column":21},"end":{"line":12,"column":77}},"6":{"start":{"line":13,"column":8},"end":{"line":13,"column":63}},"7":{"start":{"line":14,"column":8},"end":{"line":14,"column":28}},"8":{"start":{"line":15,"column":8},"end":{"line":15,"column":29}},"9":{"start":{"line":16,"column":8},"end":{"line":16,"column":59}},"10":{"start":{"line":18,"column":23},"end":{"line":39,"column":5}},"11":{"start":{"line":19,"column":21},"end":{"line":19,"column":86}},"12":{"start":{"line":20,"column":25},"end":{"line":20,"column":52}},"13":{"start":{"line":21,"column":25},"end":{"line":21,"column":54}},"14":{"start":{"line":22,"column":8},"end":{"line":38,"column":9}},"15":{"start":{"line":35,"column":30},"end":{"line":35,"column":91}},"16":{"start":{"line":36,"column":12},"end":{"line":36,"column":37}},"17":{"start":{"line":37,"column":12},"end":{"line":37,"column":75}},"18":{"start":{"line":40,"column":19},"end":{"line":59,"column":5}},"19":{"start":{"line":41,"column":8},"end":{"line":41,"column":26}},"20":{"start":{"line":43,"column":22},"end":{"line":43,"column":68}},"21":{"start":{"line":44,"column":21},"end":{"line":56,"column":9}},"22":{"start":{"line":57,"column":8},"end":{"line":57,"column":29}},"23":{"start":{"line":58,"column":8},"end":{"line":58,"column":45}},"24":{"start":{"line":62,"column":17},"end":{"line":72,"column":5}},"25":{"start":{"line":63,"column":8},"end":{"line":71,"column":9}},"26":{"start":{"line":64,"column":12},"end":{"line":70,"column":38}},"27":{"start":{"line":68,"column":20},"end":{"line":68,"column":57}},"28":{"start":{"line":70,"column":32},"end":{"line":70,"column":37}}},"fnMap":{"0":{"name":"(anonymous_0)","decl":{"start":{"line":6,"column":4},"end":{"line":6,"column":5}},"loc":{"start":{"line":6,"column":67},"end":{"line":17,"column":5}},"line":6},"1":{"name":"(anonymous_1)","decl":{"start":{"line":18,"column":23},"end":{"line":18,"column":24}},"loc":{"start":{"line":18,"column":28},"end":{"line":39,"column":5}},"line":18},"2":{"name":"(anonymous_2)","decl":{"start":{"line":40,"column":19},"end":{"line":40,"column":20}},"loc":{"start":{"line":40,"column":24},"end":{"line":59,"column":5}},"line":40},"3":{"name":"(anonymous_3)","decl":{"start":{"line":62,"column":17},"end":{"line":62,"column":18}},"loc":{"start":{"line":62,"column":27},"end":{"line":72,"column":5}},"line":62},"4":{"name":"(anonymous_4)","decl":{"start":{"line":67,"column":22},"end":{"line":67,"column":23}},"loc":{"start":{"line":67,"column":28},"end":{"line":69,"column":17}},"line":67},"5":{"name":"(anonymous_5)","decl":{"start":{"line":70,"column":23},"end":{"line":70,"column":24}},"loc":{"start":{"line":70,"column":32},"end":{"line":70,"column":37}},"line":70}},"branchMap":{"0":{"loc":{"start":{"line":22,"column":8},"end":{"line":38,"column":9}},"type":"if","locations":[{"start":{"line":22,"column":8},"end":{"line":38,"column":9}},{"start":{"line":22,"column":8},"end":{"line":38,"column":9}}],"line":22},"1":{"loc":{"start":{"line":22,"column":12},"end":{"line":22,"column":96}},"type":"binary-expr","locations":[{"start":{"line":22,"column":12},"end":{"line":22,"column":38}},{"start":{"line":22,"column":42},"end":{"line":22,"column":67}},{"start":{"line":22,"column":71},"end":{"line":22,"column":96}}],"line":22},"2":{"loc":{"start":{"line":51,"column":17},"end":{"line":51,"column":89}},"type":"binary-expr","locations":[{"start":{"line":51,"column":17},"end":{"line":51,"column":83}},{"start":{"line":51,"column":87},"end":{"line":51,"column":89}}],"line":51},"3":{"loc":{"start":{"line":63,"column":8},"end":{"line":71,"column":9}},"type":"if","locations":[{"start":{"line":63,"column":8},"end":{"line":71,"column":9}},{"start":{"line":63,"column":8},"end":{"line":71,"column":9}}],"line":63}},"s":{"0":4,"1":4,"2":4,"3":4,"4":4,"5":4,"6":4,"7":4,"8":4,"9":4,"10":4,"11":1,"12":1,"13":1,"14":1,"15":1,"16":1,"17":1,"18":4,"19":1,"20":1,"21":1,"22":1,"23":1,"24":4,"25":0,"26":0,"27":0,"28":0},"f":{"0":4,"1":1,"2":1,"3":0,"4":0,"5":0},"b":{"0":[0,1],"1":[1,1,1],"2":[1,0],"3":[0,0]},"_coverageSchema":"1a1c01bbd47fc00a2c39e90264f33305004495a9","hash":"4bdbbcaad5fa64e4f5c49983aed33bdea16af1a8"}
,"/home/kosmos/Documents/P9/CharlyBIHEL_9_15072021/src/views/Actions.js": {"path":"/home/kosmos/Documents/P9/CharlyBIHEL_9_15072021/src/views/Actions.js","statementMap":{"0":{"start":{"line":5,"column":2},"end":{"line":11,"column":3}}},"fnMap":{"0":{"name":"(anonymous_0)","decl":{"start":{"line":4,"column":15},"end":{"line":4,"column":16}},"loc":{"start":{"line":4,"column":28},"end":{"line":12,"column":1}},"line":4}},"branchMap":{},"s":{"0":30},"f":{"0":30},"b":{},"_coverageSchema":"1a1c01bbd47fc00a2c39e90264f33305004495a9","hash":"6fda5b5bd75d444c7d3c189e20762cde2365fd90"}
,"/home/kosmos/Documents/P9/CharlyBIHEL_9_15072021/src/views/BillsUI.js": {"path":"/home/kosmos/Documents/P9/CharlyBIHEL_9_15072021/src/views/BillsUI.js","statementMap":{"0":{"start":{"line":8,"column":12},"end":{"line":21,"column":1}},"1":{"start":{"line":9,"column":4},"end":{"line":20,"column":7}},"2":{"start":{"line":23,"column":13},"end":{"line":33,"column":1}},"3":{"start":{"line":24,"column":4},"end":{"line":31,"column":5}},"4":{"start":{"line":25,"column":8},"end":{"line":27,"column":11}},"5":{"start":{"line":26,"column":12},"end":{"line":26,"column":55}},"6":{"start":{"line":28,"column":22},"end":{"line":28,"column":49}},"7":{"start":{"line":28,"column":39},"end":{"line":28,"column":48}},"8":{"start":{"line":29,"column":19},"end":{"line":29,"column":33}},"9":{"start":{"line":30,"column":8},"end":{"line":30,"column":20}},"10":{"start":{"line":38,"column":18},"end":{"line":53,"column":4}},"11":{"start":{"line":38,"column":25},"end":{"line":53,"column":3}},"12":{"start":{"line":55,"column":4},"end":{"line":59,"column":5}},"13":{"start":{"line":56,"column":8},"end":{"line":56,"column":29}},"14":{"start":{"line":57,"column":11},"end":{"line":59,"column":5}},"15":{"start":{"line":58,"column":8},"end":{"line":58,"column":32}},"16":{"start":{"line":61,"column":4},"end":{"line":88,"column":13}}},"fnMap":{"0":{"name":"(anonymous_0)","decl":{"start":{"line":8,"column":12},"end":{"line":8,"column":13}},"loc":{"start":{"line":8,"column":22},"end":{"line":21,"column":1}},"line":8},"1":{"name":"(anonymous_1)","decl":{"start":{"line":23,"column":13},"end":{"line":23,"column":14}},"loc":{"start":{"line":23,"column":23},"end":{"line":33,"column":1}},"line":23},"2":{"name":"(anonymous_2)","decl":{"start":{"line":25,"column":18},"end":{"line":25,"column":19}},"loc":{"start":{"line":25,"column":33},"end":{"line":27,"column":9}},"line":25},"3":{"name":"(anonymous_3)","decl":{"start":{"line":28,"column":31},"end":{"line":28,"column":32}},"loc":{"start":{"line":28,"column":39},"end":{"line":28,"column":48}},"line":28},"4":{"name":"(anonymous_4)","decl":{"start":{"line":36,"column":15},"end":{"line":36,"column":16}},"loc":{"start":{"line":36,"column":52},"end":{"line":89,"column":1}},"line":36},"5":{"name":"(anonymous_5)","decl":{"start":{"line":38,"column":18},"end":{"line":38,"column":19}},"loc":{"start":{"line":38,"column":25},"end":{"line":53,"column":3}},"line":38}},"branchMap":{"0":{"loc":{"start":{"line":24,"column":4},"end":{"line":31,"column":5}},"type":"if","locations":[{"start":{"line":24,"column":4},"end":{"line":31,"column":5}},{"start":{"line":24,"column":4},"end":{"line":31,"column":5}}],"line":24},"1":{"loc":{"start":{"line":55,"column":4},"end":{"line":59,"column":5}},"type":"if","locations":[{"start":{"line":55,"column":4},"end":{"line":59,"column":5}},{"start":{"line":55,"column":4},"end":{"line":59,"column":5}}],"line":55},"2":{"loc":{"start":{"line":57,"column":11},"end":{"line":59,"column":5}},"type":"if","locations":[{"start":{"line":57,"column":11},"end":{"line":59,"column":5}},{"start":{"line":57,"column":11},"end":{"line":59,"column":5}}],"line":57}},"s":{"0":7,"1":28,"2":7,"3":12,"4":9,"5":23,"6":9,"7":28,"8":9,"9":9,"10":13,"11":12,"12":13,"13":1,"14":12,"15":0,"16":12},"f":{"0":28,"1":12,"2":23,"3":28,"4":13,"5":12},"b":{"0":[9,3],"1":[1,12],"2":[0,12]},"_coverageSchema":"1a1c01bbd47fc00a2c39e90264f33305004495a9","hash":"d64f714cfab65a1fa88f637cad45dc84e98a3479"}
,"/home/kosmos/Documents/P9/CharlyBIHEL_9_15072021/src/views/DashboardFormUI.js": {"path":"/home/kosmos/Documents/P9/CharlyBIHEL_9_15072021/src/views/DashboardFormUI.js","statementMap":{"0":{"start":{"line":7,"column":21},"end":{"line":22,"column":4}},"1":{"start":{"line":7,"column":28},"end":{"line":22,"column":3}},"2":{"start":{"line":26,"column":2},"end":{"line":101,"column":4}}},"fnMap":{"0":{"name":"(anonymous_0)","decl":{"start":{"line":7,"column":21},"end":{"line":7,"column":22}},"loc":{"start":{"line":7,"column":28},"end":{"line":22,"column":3}},"line":7},"1":{"name":"(anonymous_1)","decl":{"start":{"line":24,"column":15},"end":{"line":24,"column":16}},"loc":{"start":{"line":24,"column":25},"end":{"line":102,"column":1}},"line":24}},"branchMap":{"0":{"loc":{"start":{"line":79,"column":9},"end":{"line":89,"column":9}},"type":"cond-expr","locations":[{"start":{"line":79,"column":38},"end":{"line":84,"column":8}},{"start":{"line":84,"column":13},"end":{"line":89,"column":8}}],"line":79},"1":{"loc":{"start":{"line":92,"column":8},"end":{"line":97,"column":13}},"type":"cond-expr","locations":[{"start":{"line":92,"column":37},"end":{"line":97,"column":7}},{"start":{"line":97,"column":11},"end":{"line":97,"column":13}}],"line":92}},"s":{"0":8,"1":9,"2":9},"f":{"0":9,"1":9},"b":{"0":[6,3],"1":[6,3]},"_coverageSchema":"1a1c01bbd47fc00a2c39e90264f33305004495a9","hash":"97b1d80c52b62795e427a19c72863713c222cfd0"}
,"/home/kosmos/Documents/P9/CharlyBIHEL_9_15072021/src/views/DashboardUI.js": {"path":"/home/kosmos/Documents/P9/CharlyBIHEL_9_15072021/src/views/DashboardUI.js","statementMap":{"0":{"start":{"line":10,"column":2},"end":{"line":14,"column":3}},"1":{"start":{"line":11,"column":4},"end":{"line":11,"column":24}},"2":{"start":{"line":12,"column":9},"end":{"line":14,"column":3}},"3":{"start":{"line":13,"column":4},"end":{"line":13,"column":27}},"4":{"start":{"line":16,"column":2},"end":{"line":48,"column":3}}},"fnMap":{"0":{"name":"(anonymous_0)","decl":{"start":{"line":8,"column":15},"end":{"line":8,"column":16}},"loc":{"start":{"line":8,"column":45},"end":{"line":49,"column":1}},"line":8}},"branchMap":{"0":{"loc":{"start":{"line":10,"column":2},"end":{"line":14,"column":3}},"type":"if","locations":[{"start":{"line":10,"column":2},"end":{"line":14,"column":3}},{"start":{"line":10,"column":2},"end":{"line":14,"column":3}}],"line":10},"1":{"loc":{"start":{"line":12,"column":9},"end":{"line":14,"column":3}},"type":"if","locations":[{"start":{"line":12,"column":9},"end":{"line":14,"column":3}},{"start":{"line":12,"column":9},"end":{"line":14,"column":3}}],"line":12},"2":{"loc":{"start":{"line":22,"column":45},"end":{"line":22,"column":63}},"type":"binary-expr","locations":[{"start":{"line":22,"column":45},"end":{"line":22,"column":49}},{"start":{"line":22,"column":53},"end":{"line":22,"column":63}}],"line":22},"3":{"loc":{"start":{"line":29,"column":43},"end":{"line":29,"column":61}},"type":"binary-expr","locations":[{"start":{"line":29,"column":43},"end":{"line":29,"column":47}},{"start":{"line":29,"column":51},"end":{"line":29,"column":61}}],"line":29},"4":{"loc":{"start":{"line":36,"column":43},"end":{"line":36,"column":61}},"type":"binary-expr","locations":[{"start":{"line":36,"column":43},"end":{"line":36,"column":47}},{"start":{"line":36,"column":51},"end":{"line":36,"column":61}}],"line":36}},"s":{"0":11,"1":1,"2":10,"3":3,"4":7},"f":{"0":11},"b":{"0":[1,10],"1":[3,7],"2":[7,2],"3":[7,2],"4":[7,2]},"_coverageSchema":"1a1c01bbd47fc00a2c39e90264f33305004495a9","hash":"190cdebcb4078421924272abe0ed6c252567ff66"}
,"/home/kosmos/Documents/P9/CharlyBIHEL_9_15072021/src/views/ErrorPage.js": {"path":"/home/kosmos/Documents/P9/CharlyBIHEL_9_15072021/src/views/ErrorPage.js","statementMap":{"0":{"start":{"line":5,"column":2},"end":{"line":16,"column":3}}},"fnMap":{"0":{"name":"(anonymous_0)","decl":{"start":{"line":3,"column":15},"end":{"line":3,"column":16}},"loc":{"start":{"line":3,"column":26},"end":{"line":17,"column":1}},"line":3}},"branchMap":{"0":{"loc":{"start":{"line":13,"column":12},"end":{"line":13,"column":30}},"type":"cond-expr","locations":[{"start":{"line":13,"column":20},"end":{"line":13,"column":25}},{"start":{"line":13,"column":28},"end":{"line":13,"column":30}}],"line":13}},"s":{"0":5},"f":{"0":5},"b":{"0":[4,1]},"_coverageSchema":"1a1c01bbd47fc00a2c39e90264f33305004495a9","hash":"cd7d3732ab403f3f50643be00ac719184f1d45e5"}
,"/home/kosmos/Documents/P9/CharlyBIHEL_9_15072021/src/views/LoadingPage.js": {"path":"/home/kosmos/Documents/P9/CharlyBIHEL_9_15072021/src/views/LoadingPage.js","statementMap":{"0":{"start":{"line":5,"column":2},"end":{"line":12,"column":3}}},"fnMap":{"0":{"name":"(anonymous_0)","decl":{"start":{"line":3,"column":15},"end":{"line":3,"column":16}},"loc":{"start":{"line":3,"column":21},"end":{"line":13,"column":1}},"line":3}},"branchMap":{},"s":{"0":3},"f":{"0":3},"b":{},"_coverageSchema":"1a1c01bbd47fc00a2c39e90264f33305004495a9","hash":"b1e4b0f78582a4d82cb7e2ddc7e2df395884b3de"}
,"/home/kosmos/Documents/P9/CharlyBIHEL_9_15072021/src/views/LoginUI.js": {"path":"/home/kosmos/Documents/P9/CharlyBIHEL_9_15072021/src/views/LoginUI.js","statementMap":{"0":{"start":{"line":4,"column":2},"end":{"line":46,"column":4}}},"fnMap":{"0":{"name":"(anonymous_0)","decl":{"start":{"line":2,"column":15},"end":{"line":2,"column":16}},"loc":{"start":{"line":2,"column":21},"end":{"line":47,"column":1}},"line":2}},"branchMap":{},"s":{"0":13},"f":{"0":13},"b":{},"_coverageSchema":"1a1c01bbd47fc00a2c39e90264f33305004495a9","hash":"1eeca767c0f735cd646e8c42bd4fb9f98a05f8ea"}
,"/home/kosmos/Documents/P9/CharlyBIHEL_9_15072021/src/views/NewBillUI.js": {"path":"/home/kosmos/Documents/P9/CharlyBIHEL_9_15072021/src/views/NewBillUI.js","statementMap":{"0":{"start":{"line":5,"column":4},"end":{"line":73,"column":4}}},"fnMap":{"0":{"name":"(anonymous_0)","decl":{"start":{"line":3,"column":15},"end":{"line":3,"column":16}},"loc":{"start":{"line":3,"column":21},"end":{"line":74,"column":1}},"line":3}},"branchMap":{},"s":{"0":10},"f":{"0":10},"b":{},"_coverageSchema":"1a1c01bbd47fc00a2c39e90264f33305004495a9","hash":"65ef54c77ada5d33db7280371cafbb7572e0dfc5"}
,"/home/kosmos/Documents/P9/CharlyBIHEL_9_15072021/src/views/VerticalLayout.js": {"path":"/home/kosmos/Documents/P9/CharlyBIHEL_9_15072021/src/views/VerticalLayout.js","statementMap":{"0":{"start":{"line":7,"column":4},"end":{"line":7,"column":51}},"1":{"start":{"line":8,"column":4},"end":{"line":10,"column":5}},"2":{"start":{"line":9,"column":6},"end":{"line":9,"column":29}},"3":{"start":{"line":11,"column":4},"end":{"line":39,"column":5}},"4":{"start":{"line":12,"column":6},"end":{"line":27,"column":7}},"5":{"start":{"line":29,"column":6},"end":{"line":38,"column":7}}},"fnMap":{"0":{"name":"(anonymous_0)","decl":{"start":{"line":5,"column":15},"end":{"line":5,"column":16}},"loc":{"start":{"line":5,"column":27},"end":{"line":40,"column":1}},"line":5}},"branchMap":{"0":{"loc":{"start":{"line":8,"column":4},"end":{"line":10,"column":5}},"type":"if","locations":[{"start":{"line":8,"column":4},"end":{"line":10,"column":5}},{"start":{"line":8,"column":4},"end":{"line":10,"column":5}}],"line":8},"1":{"loc":{"start":{"line":11,"column":4},"end":{"line":39,"column":5}},"type":"if","locations":[{"start":{"line":11,"column":4},"end":{"line":39,"column":5}},{"start":{"line":11,"column":4},"end":{"line":39,"column":5}}],"line":11},"2":{"loc":{"start":{"line":11,"column":8},"end":{"line":11,"column":40}},"type":"binary-expr","locations":[{"start":{"line":11,"column":8},"end":{"line":11,"column":12}},{"start":{"line":11,"column":16},"end":{"line":11,"column":40}}],"line":11}},"s":{"0":37,"1":37,"2":25,"3":37,"4":19,"5":18},"f":{"0":37},"b":{"0":[25,12],"1":[19,18],"2":[37,25]},"_coverageSchema":"1a1c01bbd47fc00a2c39e90264f33305004495a9","hash":"c62e050cab89d82e4c6207c8f52ed7e70e5e036e"}
}
