TN:
SF:src/constants/routes.js
FN:13,(anonymous_0)
FNF:1
FNH:1
FNDA:23,(anonymous_0)
DA:6,7
DA:13,7
DA:14,23
DA:16,3
DA:18,5
DA:20,6
DA:22,5
DA:24,4
LF:8
LH:8
BRDA:14,0,0,3
BRDA:14,0,1,5
BRDA:14,0,2,6
BRDA:14,0,3,5
BRDA:14,0,4,4
BRF:5
BRH:5
end_of_record
TN:
SF:src/constants/usersTest.js
FNF:0
FNH:0
LF:0
LH:0
BRF:0
BRH:0
end_of_record
TN:
SF:src/containers/Bills.js
FN:5,(anonymous_0)
FN:12,(anonymous_1)
FN:13,(anonymous_2)
FN:18,(anonymous_3)
FN:22,(anonymous_4)
FNF:5
FNH:5
FNDA:5,(anonymous_0)
FNDA:20,(anonymous_1)
FNDA:5,(anonymous_2)
FNDA:3,(anonymous_3)
FNDA:9,(anonymous_4)
DA:6,5
DA:7,5
DA:8,5
DA:9,5
DA:10,5
DA:11,5
DA:12,5
DA:13,20
DA:15,5
DA:18,5
DA:19,3
DA:22,5
DA:23,9
DA:24,9
DA:25,9
DA:26,9
LF:16
LH:16
BRDA:10,0,0,5
BRDA:10,0,1,0
BRDA:12,1,0,5
BRDA:12,1,1,0
BRF:4
BRH:2
end_of_record
TN:
SF:src/containers/Dashboard.js
FN:8,(anonymous_0)
FN:10,(anonymous_1)
FN:28,(anonymous_2)
FN:53,(anonymous_3)
FN:54,(anonymous_4)
FN:57,(anonymous_5)
FN:69,(anonymous_6)
FN:73,(anonymous_7)
FN:74,(anonymous_8)
FN:75,(anonymous_9)
FN:80,(anonymous_10)
FN:87,(anonymous_11)
FN:91,(anonymous_12)
FN:107,(anonymous_13)
FN:108,(anonymous_14)
FN:111,(anonymous_15)
FN:121,(anonymous_16)
FN:131,(anonymous_17)
FN:146,(anonymous_18)
FN:147,(anonymous_19)
FN:155,(anonymous_20)
FN:160,(anonymous_21)
FN:162,(anonymous_22)
FN:175,(anonymous_23)
FN:180,(anonymous_24)
FNF:25
FNH:16
FNDA:27,(anonymous_0)
FNDA:24,(anonymous_1)
FNDA:8,(anonymous_2)
FNDA:5,(anonymous_3)
FNDA:8,(anonymous_4)
FNDA:3,(anonymous_5)
FNDA:5,(anonymous_6)
FNDA:0,(anonymous_7)
FNDA:0,(anonymous_8)
FNDA:0,(anonymous_9)
FNDA:1,(anonymous_10)
FNDA:2,(anonymous_11)
FNDA:4,(anonymous_12)
FNDA:0,(anonymous_13)
FNDA:0,(anonymous_14)
FNDA:1,(anonymous_15)
FNDA:1,(anonymous_16)
FNDA:4,(anonymous_17)
FNDA:16,(anonymous_18)
FNDA:0,(anonymous_19)
FNDA:5,(anonymous_20)
FNDA:0,(anonymous_21)
FNDA:0,(anonymous_22)
FNDA:2,(anonymous_23)
FNDA:0,(anonymous_24)
DA:8,7
DA:9,27
DA:15,24
DA:16,24
DA:19,0
DA:20,0
DA:24,24
DA:28,7
DA:29,8
DA:30,8
DA:32,8
DA:35,8
DA:53,7
DA:54,8
DA:57,7
DA:58,3
DA:60,1
DA:62,1
DA:64,1
DA:70,5
DA:71,5
DA:72,5
DA:73,5
DA:74,5
DA:75,5
DA:76,5
DA:77,5
DA:80,5
DA:81,1
DA:82,1
DA:83,1
DA:84,1
DA:88,2
DA:89,2
DA:90,2
DA:91,1
DA:92,4
DA:94,1
DA:95,1
DA:96,1
DA:97,1
DA:99,1
DA:102,1
DA:103,1
DA:104,1
DA:106,2
DA:107,2
DA:108,2
DA:111,5
DA:112,1
DA:117,1
DA:118,1
DA:121,5
DA:122,1
DA:127,1
DA:128,1
DA:132,4
DA:133,4
DA:134,4
DA:135,3
DA:136,3
DA:138,3
DA:140,1
DA:141,1
DA:143,1
DA:146,4
DA:147,16
DA:150,4
DA:155,5
DA:156,5
DA:157,0
DA:161,0
DA:162,0
DA:168,0
DA:175,5
DA:176,2
DA:177,0
DA:180,0
LF:78
LH:70
BRDA:9,0,0,6
BRDA:9,0,1,21
BRDA:9,1,0,27
BRDA:9,1,1,6
BRDA:15,2,0,24
BRDA:15,2,1,0
BRDA:21,3,0,0
BRDA:21,3,1,0
BRDA:30,4,0,0
BRDA:30,4,1,8
BRDA:32,5,0,0
BRDA:32,5,1,8
BRDA:54,6,0,4
BRDA:54,6,1,1
BRDA:54,7,0,5
BRDA:54,7,1,5
BRDA:58,8,0,1
BRDA:58,8,1,1
BRDA:58,8,2,1
BRDA:84,9,0,0
BRDA:84,9,1,1
BRDA:88,10,0,1
BRDA:88,10,1,1
BRDA:88,11,0,2
BRDA:88,11,1,1
BRDA:89,12,0,1
BRDA:89,12,1,1
BRDA:89,13,0,2
BRDA:89,13,1,1
BRDA:90,14,0,1
BRDA:90,14,1,1
BRDA:132,15,0,3
BRDA:132,15,1,1
BRDA:132,16,0,4
BRDA:132,16,1,3
BRDA:133,17,0,3
BRDA:133,17,1,1
BRDA:133,18,0,4
BRDA:133,18,1,3
BRDA:134,19,0,3
BRDA:134,19,1,1
BRDA:156,20,0,0
BRDA:156,20,1,5
BRDA:176,21,0,0
BRDA:176,21,1,2
BRF:45
BRH:37
end_of_record
TN:
SF:src/containers/Login.js
FN:6,(anonymous_0)
FN:17,(anonymous_1)
FN:34,(anonymous_2)
FN:53,(anonymous_3)
FN:58,(anonymous_4)
FN:66,(anonymous_5)
FN:73,(anonymous_6)
FN:82,(anonymous_7)
FN:83,(anonymous_8)
FNF:9
FNH:5
FNDA:2,(anonymous_0)
FNDA:2,(anonymous_1)
FNDA:2,(anonymous_2)
FNDA:4,(anonymous_3)
FNDA:0,(anonymous_4)
FNDA:0,(anonymous_5)
FNDA:4,(anonymous_6)
FNDA:0,(anonymous_7)
FNDA:0,(anonymous_8)
DA:2,2
DA:7,2
DA:8,2
DA:9,2
DA:10,2
DA:11,2
DA:12,2
DA:13,2
DA:14,2
DA:15,2
DA:17,2
DA:18,2
DA:24,2
DA:25,2
DA:26,2
DA:27,2
DA:28,2
DA:29,2
DA:30,2
DA:31,2
DA:34,2
DA:35,2
DA:42,2
DA:43,2
DA:44,2
DA:45,2
DA:46,2
DA:47,2
DA:48,2
DA:49,2
DA:53,2
DA:54,4
DA:55,0
DA:59,0
DA:60,0
DA:61,0
DA:63,0
DA:66,0
DA:68,4
DA:73,2
DA:74,4
DA:75,0
DA:82,0
DA:83,0
DA:85,4
LF:45
LH:36
BRDA:26,0,0,2
BRDA:26,0,1,0
BRDA:44,1,0,2
BRDA:44,1,1,0
BRDA:54,2,0,0
BRDA:54,2,1,4
BRDA:59,3,0,0
BRDA:59,3,1,0
BRDA:74,4,0,0
BRDA:74,4,1,4
BRF:10
BRH:4
end_of_record
TN:
SF:src/containers/Logout.js
FN:4,(anonymous_0)
FN:11,(anonymous_1)
FNF:2
FNH:2
FNDA:15,(anonymous_0)
FNDA:2,(anonymous_1)
DA:5,15
DA:6,15
DA:7,15
DA:8,15
DA:11,15
DA:12,2
DA:13,2
LF:7
LH:7
BRF:0
BRH:0
end_of_record
TN:
SF:src/containers/NewBill.js
FN:6,(anonymous_0)
FN:18,(anonymous_1)
FN:41,(anonymous_2)
FNF:3
FNH:3
FNDA:4,(anonymous_0)
FNDA:1,(anonymous_1)
FNDA:1,(anonymous_2)
DA:7,4
DA:8,4
DA:9,4
DA:10,4
DA:11,4
DA:12,4
DA:13,4
DA:14,4
DA:15,4
DA:16,4
DA:18,4
DA:19,1
DA:20,1
DA:21,1
DA:23,1
DA:36,1
DA:37,1
DA:38,1
DA:41,4
DA:42,1
DA:44,1
DA:45,1
DA:58,1
DA:59,1
LF:24
LH:24
BRDA:23,0,0,0
BRDA:23,0,1,1
BRDA:23,1,0,1
BRDA:23,1,1,1
BRDA:23,1,2,1
BRDA:52,2,0,1
BRDA:52,2,1,0
BRF:7
BRH:5
end_of_record
TN:
SF:src/views/Actions.js
FN:4,(anonymous_0)
FNF:1
FNH:1
FNDA:30,(anonymous_0)
DA:5,30
LF:1
LH:1
BRF:0
BRH:0
end_of_record
TN:
SF:src/views/BillsUI.js
FN:8,(anonymous_0)
FN:25,(anonymous_1)
FN:27,(anonymous_2)
FN:30,(anonymous_3)
FN:37,(anonymous_4)
FN:39,(anonymous_5)
FNF:6
FNH:6
FNDA:28,(anonymous_0)
FNDA:12,(anonymous_1)
FNDA:23,(anonymous_2)
FNDA:28,(anonymous_3)
FNDA:15,(anonymous_4)
FNDA:12,(anonymous_5)
DA:8,7
DA:9,28
DA:25,7
DA:26,12
DA:27,9
DA:28,23
DA:30,28
DA:31,9
DA:32,9
DA:39,15
DA:56,15
DA:57,1
DA:58,14
DA:59,2
DA:62,12
LF:15
LH:15
BRDA:26,0,0,9
BRDA:26,0,1,3
BRDA:56,1,0,1
BRDA:56,1,1,14
BRDA:58,2,0,2
BRDA:58,2,1,12
BRF:6
BRH:6
end_of_record
TN:
SF:src/views/DashboardFormUI.js
FN:7,(anonymous_0)
FN:24,(anonymous_1)
FNF:2
FNH:2
FNDA:9,(anonymous_0)
FNDA:9,(anonymous_1)
DA:7,9
DA:26,9
LF:2
LH:2
BRDA:79,0,0,6
BRDA:79,0,1,3
BRDA:92,1,0,6
BRDA:92,1,1,3
BRF:4
BRH:4
end_of_record
TN:
SF:src/views/DashboardUI.js
FN:8,(anonymous_0)
FNF:1
FNH:1
FNDA:11,(anonymous_0)
DA:10,11
DA:11,1
DA:12,10
DA:13,3
DA:16,7
LF:5
LH:5
BRDA:10,0,0,1
BRDA:10,0,1,10
BRDA:12,1,0,3
BRDA:12,1,1,7
BRDA:22,2,0,7
BRDA:22,2,1,2
BRDA:29,3,0,7
BRDA:29,3,1,2
BRDA:36,4,0,7
BRDA:36,4,1,2
BRF:10
BRH:10
end_of_record
TN:
SF:src/views/ErrorPage.js
FN:3,(anonymous_0)
FNF:1
FNH:1
FNDA:7,(anonymous_0)
DA:5,7
LF:1
LH:1
BRDA:13,0,0,6
BRDA:13,0,1,1
BRF:2
BRH:2
end_of_record
TN:
SF:src/views/LoadingPage.js
FN:3,(anonymous_0)
FNF:1
FNH:1
FNDA:3,(anonymous_0)
DA:5,3
LF:1
LH:1
BRF:0
BRH:0
end_of_record
TN:
SF:src/views/LoginUI.js
FN:2,(anonymous_0)
FNF:1
FNH:1
FNDA:13,(anonymous_0)
DA:4,13
LF:1
LH:1
BRF:0
BRH:0
end_of_record
TN:
SF:src/views/NewBillUI.js
FN:3,(anonymous_0)
FNF:1
FNH:1
FNDA:10,(anonymous_0)
DA:5,10
LF:1
LH:1
BRF:0
BRH:0
end_of_record
TN:
SF:src/views/VerticalLayout.js
FN:5,(anonymous_0)
FNF:1
FNH:1
FNDA:39,(anonymous_0)
DA:7,39
DA:8,39
DA:9,27
DA:11,39
DA:12,21
DA:29,18
LF:6
LH:6
BRDA:8,0,0,27
BRDA:8,0,1,12
BRDA:11,1,0,21
BRDA:11,1,1,18
BRDA:11,2,0,39
BRDA:11,2,1,27
BRF:6
BRH:6
end_of_record
